manifest-merger-release-report.txt
-- Merging decision tree log ---
manifest
ADDED from AndroidManifest.xml:2:1
	xmlns:android
		ADDED from AndroidManifest.xml:2:11
	package
		ADDED from AndroidManifest.xml:3:2
	android:versionName
		ADDED from AndroidManifest.xml:3:40
	android:versionCode
		ADDED from AndroidManifest.xml:3:71
		INJECTED from AndroidManifest.xml:0:0
		INJECTED from AndroidManifest.xml:0:0
uses-permission#android.permission.WRITE_EXTERNAL_STORAGE
ADDED from AndroidManifest.xml:5:2
	android:name
		ADDED from AndroidManifest.xml:5:19
uses-permission#android.permission.RECEIVE_BOOT_COMPLETED
ADDED from AndroidManifest.xml:6:2
	android:name
		ADDED from AndroidManifest.xml:6:19
application
ADDED from AndroidManifest.xml:8:2
MERGED from com.actionbarsherlock:actionbarsherlock:4.4.0:4:3
MERGED from com.android.support:support-v4:21.0.3:16:5
	android:label
		ADDED from AndroidManifest.xml:8:45
	android:allowBackup
		ADDED from AndroidManifest.xml:9:9
	android:icon
		ADDED from AndroidManifest.xml:8:15
	android:fullBackupOnly
		ADDED from AndroidManifest.xml:10:9
	android:theme
		ADDED from AndroidManifest.xml:11:3
	android:installLocation
		ADDED from AndroidManifest.xml:12:3
meta-data#com.google.android.backup.api_key
ADDED from AndroidManifest.xml:14:3
	android:name
		ADDED from AndroidManifest.xml:14:14
	android:value
		ADDED from AndroidManifest.xml:15:7
activity#com.monstarlab.servicedroid.activity.ServiceDroidActivity
ADDED from AndroidManifest.xml:20:3
	android:label
		ADDED from AndroidManifest.xml:21:4
	android:name
		ADDED from AndroidManifest.xml:20:13
intent-filter#android.intent.action.MAIN+android.intent.category.LAUNCHER
ADDED from AndroidManifest.xml:22:4
action#android.intent.action.MAIN
ADDED from AndroidManifest.xml:23:5
	android:name
		ADDED from AndroidManifest.xml:23:13
category#android.intent.category.LAUNCHER
ADDED from AndroidManifest.xml:24:5
	android:name
		ADDED from AndroidManifest.xml:24:15
activity#com.monstarlab.servicedroid.activity.TimeActivity
ADDED from AndroidManifest.xml:27:3
	android:label
		ADDED from AndroidManifest.xml:28:4
	android:name
		ADDED from AndroidManifest.xml:27:13
activity#com.monstarlab.servicedroid.activity.TimeEditActivity
ADDED from AndroidManifest.xml:30:3
	android:label
		ADDED from AndroidManifest.xml:31:4
	android:name
		ADDED from AndroidManifest.xml:30:13
activity#com.monstarlab.servicedroid.activity.CallsActivity
ADDED from AndroidManifest.xml:33:3
	android:label
		ADDED from AndroidManifest.xml:34:4
	android:name
		ADDED from AndroidManifest.xml:33:13
activity#com.monstarlab.servicedroid.activity.CallShowActivity
ADDED from AndroidManifest.xml:36:3
	android:label
		ADDED from AndroidManifest.xml:37:4
	android:name
		ADDED from AndroidManifest.xml:36:13
activity#com.monstarlab.servicedroid.activity.CallEditActivity
ADDED from AndroidManifest.xml:39:3
	android:label
		ADDED from AndroidManifest.xml:40:4
	android:name
		ADDED from AndroidManifest.xml:39:13
activity#com.monstarlab.servicedroid.activity.ReturnVisitActivity
ADDED from AndroidManifest.xml:42:3
	android:label
		ADDED from AndroidManifest.xml:43:4
	android:name
		ADDED from AndroidManifest.xml:42:13
activity#com.monstarlab.servicedroid.activity.PlacementActivity
ADDED from AndroidManifest.xml:45:3
	android:label
		ADDED from AndroidManifest.xml:46:4
	android:name
		ADDED from AndroidManifest.xml:45:13
activity#com.monstarlab.servicedroid.activity.StatisticsActivity
ADDED from AndroidManifest.xml:48:3
	android:label
		ADDED from AndroidManifest.xml:49:4
	android:name
		ADDED from AndroidManifest.xml:48:13
provider#com.monstarlab.servicedroid.model.ServiceProvider
ADDED from AndroidManifest.xml:52:3
	android:exported
		ADDED from AndroidManifest.xml:53:13
	android:authorities
		ADDED from AndroidManifest.xml:54:7
	android:name
		ADDED from AndroidManifest.xml:52:13
service#com.monstarlab.servicedroid.service.ReminderService
ADDED from AndroidManifest.xml:56:3
	android:name
		ADDED from AndroidManifest.xml:56:12
service#com.monstarlab.servicedroid.service.TimerService
ADDED from AndroidManifest.xml:57:3
	android:name
		ADDED from AndroidManifest.xml:57:12
service#com.monstarlab.servicedroid.service.BackupService
ADDED from AndroidManifest.xml:58:3
	android:name
		ADDED from AndroidManifest.xml:58:12
receiver#com.monstarlab.servicedroid.receiver.NotificationReceiver
ADDED from AndroidManifest.xml:60:3
	android:name
		ADDED from AndroidManifest.xml:60:13
receiver#com.monstarlab.servicedroid.receiver.BootReceiver
ADDED from AndroidManifest.xml:61:3
	android:permission
		ADDED from AndroidManifest.xml:62:4
	android:name
		ADDED from AndroidManifest.xml:61:13
intent-filter#android.intent.action.BOOT_COMPLETED+android.intent.category.DEFAULT
ADDED from AndroidManifest.xml:63:4
action#android.intent.action.BOOT_COMPLETED
ADDED from AndroidManifest.xml:64:5
	android:name
		ADDED from AndroidManifest.xml:64:13
category#android.intent.category.DEFAULT
ADDED from AndroidManifest.xml:65:5
	android:name
		ADDED from AndroidManifest.xml:65:15
uses-sdk
INJECTED from AndroidManifest.xml:0:0 reason: use-sdk injection requested
MERGED from com.actionbarsherlock:actionbarsherlock:4.4.0:3:3
MERGED from com.android.support:support-v4:21.0.3:15:5
	android:targetSdkVersion
		INJECTED from AndroidManifest.xml:0:0
		INJECTED from AndroidManifest.xml:0:0
	android:minSdkVersion
		INJECTED from AndroidManifest.xml:0:0
		INJECTED from AndroidManifest.xml:0:0